[0.582s] Invoking command in '/home/beka/ros2_foxy/src/py_srvcli': PYTHONPATH=/home/beka/ros2_foxy/src/py_srvcli/install/py_srvcli/lib/python3.10/site-packages:${PYTHONPATH} /usr/bin/python3 setup.py egg_info --egg-base build/py_srvcli build --build-base /home/beka/ros2_foxy/src/py_srvcli/build/py_srvcli/build install --prefix /home/beka/ros2_foxy/src/py_srvcli/install/py_srvcli --record /home/beka/ros2_foxy/src/py_srvcli/build/py_srvcli/install.log --single-version-externally-managed
[0.787s] running egg_info
[0.788s] writing build/py_srvcli/py_srvcli.egg-info/PKG-INFO
[0.788s] writing dependency_links to build/py_srvcli/py_srvcli.egg-info/dependency_links.txt
[0.789s] writing entry points to build/py_srvcli/py_srvcli.egg-info/entry_points.txt
[0.789s] writing requirements to build/py_srvcli/py_srvcli.egg-info/requires.txt
[0.789s] writing top-level names to build/py_srvcli/py_srvcli.egg-info/top_level.txt
[0.790s] reading manifest file 'build/py_srvcli/py_srvcli.egg-info/SOURCES.txt'
[0.791s] writing manifest file 'build/py_srvcli/py_srvcli.egg-info/SOURCES.txt'
[0.792s] running build
[0.792s] running build_py
[0.792s] running install
[0.792s] /usr/lib/python3/dist-packages/setuptools/command/install.py:34: SetuptoolsDeprecationWarning: setup.py install is deprecated. Use build and pip and other standards-based tools.
[0.792s]   warnings.warn(
[0.792s] running install_lib
[0.793s] running install_data
[0.794s] running install_egg_info
[0.795s] removing '/home/beka/ros2_foxy/src/py_srvcli/install/py_srvcli/lib/python3.10/site-packages/py_srvcli-0.0.0-py3.10.egg-info' (and everything under it)
[0.795s] Copying build/py_srvcli/py_srvcli.egg-info to /home/beka/ros2_foxy/src/py_srvcli/install/py_srvcli/lib/python3.10/site-packages/py_srvcli-0.0.0-py3.10.egg-info
[0.796s] running install_scripts
[0.817s] Installing client script to /home/beka/ros2_foxy/src/py_srvcli/install/py_srvcli/lib/py_srvcli
[0.817s] Installing service script to /home/beka/ros2_foxy/src/py_srvcli/install/py_srvcli/lib/py_srvcli
[0.818s] writing list of installed files to '/home/beka/ros2_foxy/src/py_srvcli/build/py_srvcli/install.log'
[0.840s] Invoked command in '/home/beka/ros2_foxy/src/py_srvcli' returned '0': PYTHONPATH=/home/beka/ros2_foxy/src/py_srvcli/install/py_srvcli/lib/python3.10/site-packages:${PYTHONPATH} /usr/bin/python3 setup.py egg_info --egg-base build/py_srvcli build --build-base /home/beka/ros2_foxy/src/py_srvcli/build/py_srvcli/build install --prefix /home/beka/ros2_foxy/src/py_srvcli/install/py_srvcli --record /home/beka/ros2_foxy/src/py_srvcli/build/py_srvcli/install.log --single-version-externally-managed
