[0.553s] Invoking command in '/home/beka/ros2_foxy/src/py_srvcli': PYTHONPATH=/home/beka/ros2_foxy/src/py_srvcli/install/py_srvcli/lib/python3.10/site-packages:${PYTHONPATH} /usr/bin/python3 setup.py egg_info --egg-base build/py_srvcli build --build-base /home/beka/ros2_foxy/src/py_srvcli/build/py_srvcli/build install --prefix /home/beka/ros2_foxy/src/py_srvcli/install/py_srvcli --record /home/beka/ros2_foxy/src/py_srvcli/build/py_srvcli/install.log --single-version-externally-managed
[0.762s] running egg_info
[0.763s] writing build/py_srvcli/py_srvcli.egg-info/PKG-INFO
[0.764s] writing dependency_links to build/py_srvcli/py_srvcli.egg-info/dependency_links.txt
[0.764s] writing entry points to build/py_srvcli/py_srvcli.egg-info/entry_points.txt
[0.764s] writing requirements to build/py_srvcli/py_srvcli.egg-info/requires.txt
[0.764s] writing top-level names to build/py_srvcli/py_srvcli.egg-info/top_level.txt
[0.766s] reading manifest file 'build/py_srvcli/py_srvcli.egg-info/SOURCES.txt'
[0.767s] writing manifest file 'build/py_srvcli/py_srvcli.egg-info/SOURCES.txt'
[0.767s] running build
[0.767s] running build_py
[0.767s] running install
[0.767s] /usr/lib/python3/dist-packages/setuptools/command/install.py:34: SetuptoolsDeprecationWarning: setup.py install is deprecated. Use build and pip and other standards-based tools.
[0.767s]   warnings.warn(
[0.768s] running install_lib
[0.769s] running install_data
[0.769s] running install_egg_info
[0.772s] removing '/home/beka/ros2_foxy/src/py_srvcli/install/py_srvcli/lib/python3.10/site-packages/py_srvcli-0.0.0-py3.10.egg-info' (and everything under it)
[0.772s] Copying build/py_srvcli/py_srvcli.egg-info to /home/beka/ros2_foxy/src/py_srvcli/install/py_srvcli/lib/python3.10/site-packages/py_srvcli-0.0.0-py3.10.egg-info
[0.773s] running install_scripts
[0.790s] Installing client script to /home/beka/ros2_foxy/src/py_srvcli/install/py_srvcli/lib/py_srvcli
[0.790s] Installing service script to /home/beka/ros2_foxy/src/py_srvcli/install/py_srvcli/lib/py_srvcli
[0.791s] writing list of installed files to '/home/beka/ros2_foxy/src/py_srvcli/build/py_srvcli/install.log'
[0.812s] Invoked command in '/home/beka/ros2_foxy/src/py_srvcli' returned '0': PYTHONPATH=/home/beka/ros2_foxy/src/py_srvcli/install/py_srvcli/lib/python3.10/site-packages:${PYTHONPATH} /usr/bin/python3 setup.py egg_info --egg-base build/py_srvcli build --build-base /home/beka/ros2_foxy/src/py_srvcli/build/py_srvcli/build install --prefix /home/beka/ros2_foxy/src/py_srvcli/install/py_srvcli --record /home/beka/ros2_foxy/src/py_srvcli/build/py_srvcli/install.log --single-version-externally-managed
