[0.532s] Invoking command in '/home/beka/ros2_foxy/src/py_srvcli': PYTHONPATH=/home/beka/ros2_foxy/src/py_srvcli/install/py_srvcli/lib/python3.10/site-packages:${PYTHONPATH} /usr/bin/python3 setup.py egg_info --egg-base build/py_srvcli build --build-base /home/beka/ros2_foxy/src/py_srvcli/build/py_srvcli/build install --prefix /home/beka/ros2_foxy/src/py_srvcli/install/py_srvcli --record /home/beka/ros2_foxy/src/py_srvcli/build/py_srvcli/install.log --single-version-externally-managed
[0.735s] running egg_info
[0.736s] creating build/py_srvcli/py_srvcli.egg-info
[0.736s] writing build/py_srvcli/py_srvcli.egg-info/PKG-INFO
[0.736s] writing dependency_links to build/py_srvcli/py_srvcli.egg-info/dependency_links.txt
[0.737s] writing entry points to build/py_srvcli/py_srvcli.egg-info/entry_points.txt
[0.737s] writing requirements to build/py_srvcli/py_srvcli.egg-info/requires.txt
[0.737s] writing top-level names to build/py_srvcli/py_srvcli.egg-info/top_level.txt
[0.737s] writing manifest file 'build/py_srvcli/py_srvcli.egg-info/SOURCES.txt'
[0.739s] reading manifest file 'build/py_srvcli/py_srvcli.egg-info/SOURCES.txt'
[0.739s] writing manifest file 'build/py_srvcli/py_srvcli.egg-info/SOURCES.txt'
[0.740s] running build
[0.740s] running build_py
[0.740s] creating /home/beka/ros2_foxy/src/py_srvcli/build/py_srvcli/build
[0.740s] creating /home/beka/ros2_foxy/src/py_srvcli/build/py_srvcli/build/lib
[0.740s] creating /home/beka/ros2_foxy/src/py_srvcli/build/py_srvcli/build/lib/py_srvcli
[0.740s] copying py_srvcli/__init__.py -> /home/beka/ros2_foxy/src/py_srvcli/build/py_srvcli/build/lib/py_srvcli
[0.741s] copying py_srvcli/client_member_function.py -> /home/beka/ros2_foxy/src/py_srvcli/build/py_srvcli/build/lib/py_srvcli
[0.741s] /usr/lib/python3/dist-packages/setuptools/command/install.py:34: SetuptoolsDeprecationWarning: setup.py install is deprecated. Use build and pip and other standards-based tools.
[0.741s]   warnings.warn(
[0.741s] copying py_srvcli/server_member_function.py -> /home/beka/ros2_foxy/src/py_srvcli/build/py_srvcli/build/lib/py_srvcli
[0.741s] running install
[0.741s] running install_lib
[0.742s] creating /home/beka/ros2_foxy/src/py_srvcli/install/py_srvcli/lib/python3.10/site-packages/py_srvcli
[0.742s] copying /home/beka/ros2_foxy/src/py_srvcli/build/py_srvcli/build/lib/py_srvcli/__init__.py -> /home/beka/ros2_foxy/src/py_srvcli/install/py_srvcli/lib/python3.10/site-packages/py_srvcli
[0.742s] copying /home/beka/ros2_foxy/src/py_srvcli/build/py_srvcli/build/lib/py_srvcli/client_member_function.py -> /home/beka/ros2_foxy/src/py_srvcli/install/py_srvcli/lib/python3.10/site-packages/py_srvcli
[0.743s] copying /home/beka/ros2_foxy/src/py_srvcli/build/py_srvcli/build/lib/py_srvcli/server_member_function.py -> /home/beka/ros2_foxy/src/py_srvcli/install/py_srvcli/lib/python3.10/site-packages/py_srvcli
[0.743s] byte-compiling /home/beka/ros2_foxy/src/py_srvcli/install/py_srvcli/lib/python3.10/site-packages/py_srvcli/__init__.py to __init__.cpython-310.pyc
[0.743s] byte-compiling /home/beka/ros2_foxy/src/py_srvcli/install/py_srvcli/lib/python3.10/site-packages/py_srvcli/client_member_function.py to client_member_function.cpython-310.pyc
[0.744s] byte-compiling /home/beka/ros2_foxy/src/py_srvcli/install/py_srvcli/lib/python3.10/site-packages/py_srvcli/server_member_function.py to server_member_function.cpython-310.pyc
[0.745s] running install_data
[0.746s] creating /home/beka/ros2_foxy/src/py_srvcli/install/py_srvcli/share/ament_index
[0.747s] creating /home/beka/ros2_foxy/src/py_srvcli/install/py_srvcli/share/ament_index/resource_index
[0.747s] creating /home/beka/ros2_foxy/src/py_srvcli/install/py_srvcli/share/ament_index/resource_index/packages
[0.747s] copying resource/py_srvcli -> /home/beka/ros2_foxy/src/py_srvcli/install/py_srvcli/share/ament_index/resource_index/packages
[0.747s] copying package.xml -> /home/beka/ros2_foxy/src/py_srvcli/install/py_srvcli/share/py_srvcli
[0.747s] running install_egg_info
[0.749s] Copying build/py_srvcli/py_srvcli.egg-info to /home/beka/ros2_foxy/src/py_srvcli/install/py_srvcli/lib/python3.10/site-packages/py_srvcli-0.0.0-py3.10.egg-info
[0.750s] running install_scripts
[0.774s] Installing client script to /home/beka/ros2_foxy/src/py_srvcli/install/py_srvcli/lib/py_srvcli
[0.774s] Installing service script to /home/beka/ros2_foxy/src/py_srvcli/install/py_srvcli/lib/py_srvcli
[0.775s] writing list of installed files to '/home/beka/ros2_foxy/src/py_srvcli/build/py_srvcli/install.log'
[0.808s] Invoked command in '/home/beka/ros2_foxy/src/py_srvcli' returned '0': PYTHONPATH=/home/beka/ros2_foxy/src/py_srvcli/install/py_srvcli/lib/python3.10/site-packages:${PYTHONPATH} /usr/bin/python3 setup.py egg_info --egg-base build/py_srvcli build --build-base /home/beka/ros2_foxy/src/py_srvcli/build/py_srvcli/build install --prefix /home/beka/ros2_foxy/src/py_srvcli/install/py_srvcli --record /home/beka/ros2_foxy/src/py_srvcli/build/py_srvcli/install.log --single-version-externally-managed
