[0.285s] DEBUG:colcon:Command line arguments: ['/usr/bin/colcon', 'build', '--packages-select', 'py_srvcli']
[0.285s] DEBUG:colcon:Parsed command line arguments: Namespace(log_base=None, log_level=None, verb_name='build', build_base='build', install_base='install', merge_install=False, symlink_install=False, test_result_base=None, continue_on_error=False, executor='parallel', parallel_workers=4, event_handlers=None, ignore_user_meta=False, metas=['./colcon.meta'], base_paths=['.'], packages_ignore=None, packages_ignore_regex=None, paths=None, packages_up_to=None, packages_up_to_regex=None, packages_above=None, packages_above_and_dependencies=None, packages_above_depth=None, packages_select_by_dep=None, packages_skip_by_dep=None, packages_skip_up_to=None, packages_select_build_failed=False, packages_skip_build_finished=False, packages_select_test_failures=False, packages_skip_test_passed=False, packages_select=['py_srvcli'], packages_skip=None, packages_select_regex=None, packages_skip_regex=None, packages_start=None, packages_end=None, allow_overriding=[], cmake_args=None, cmake_target=None, cmake_target_skip_unavailable=False, cmake_clean_cache=False, cmake_clean_first=False, cmake_force_configure=False, ament_cmake_args=None, catkin_cmake_args=None, catkin_skip_building_tests=False, verb_parser=<colcon_defaults.argument_parser.defaults.DefaultArgumentsDecorator object at 0x7fc22cc02bf0>, verb_extension=<colcon_core.verb.build.BuildVerb object at 0x7fc22d5bdea0>, main=<bound method BuildVerb.main of <colcon_core.verb.build.BuildVerb object at 0x7fc22d5bdea0>>)
[0.313s] Level 1:colcon.colcon_core.package_discovery:discover_packages(colcon_meta) check parameters
[0.314s] Level 1:colcon.colcon_core.package_discovery:discover_packages(recursive) check parameters
[0.314s] Level 1:colcon.colcon_core.package_discovery:discover_packages(ignore) check parameters
[0.314s] Level 1:colcon.colcon_core.package_discovery:discover_packages(path) check parameters
[0.314s] Level 1:colcon.colcon_core.package_discovery:discover_packages(colcon_meta) discover
[0.314s] Level 1:colcon.colcon_core.package_discovery:discover_packages(recursive) discover
[0.314s] INFO:colcon.colcon_core.package_discovery:Crawling recursively for packages in '/home/beka/ros2_foxy/src/py_srvcli'
[0.314s] Level 1:colcon.colcon_core.package_identification:_identify(.) by extensions ['ignore', 'ignore_ament_install']
[0.314s] Level 1:colcon.colcon_core.package_identification:_identify(.) by extension 'ignore'
[0.314s] Level 1:colcon.colcon_core.package_identification:_identify(.) by extension 'ignore_ament_install'
[0.314s] Level 1:colcon.colcon_core.package_identification:_identify(.) by extensions ['colcon_pkg']
[0.314s] Level 1:colcon.colcon_core.package_identification:_identify(.) by extension 'colcon_pkg'
[0.314s] Level 1:colcon.colcon_core.package_identification:_identify(.) by extensions ['colcon_meta']
[0.314s] Level 1:colcon.colcon_core.package_identification:_identify(.) by extension 'colcon_meta'
[0.314s] Level 1:colcon.colcon_core.package_identification:_identify(.) by extensions ['ros']
[0.314s] Level 1:colcon.colcon_core.package_identification:_identify(.) by extension 'ros'
[0.326s] DEBUG:colcon.colcon_core.package_identification:Package '.' with type 'ros.ament_python' and name 'py_srvcli'
[0.326s] Level 1:colcon.colcon_core.package_discovery:discover_packages(recursive) using defaults
[0.326s] Level 1:colcon.colcon_core.package_discovery:discover_packages(ignore) discover
[0.326s] Level 1:colcon.colcon_core.package_discovery:discover_packages(ignore) using defaults
[0.326s] Level 1:colcon.colcon_core.package_discovery:discover_packages(path) discover
[0.326s] Level 1:colcon.colcon_core.package_discovery:discover_packages(path) using defaults
[0.353s] Level 1:colcon.colcon_core.package_discovery:discover_packages(prefix_path) check parameters
[0.353s] Level 1:colcon.colcon_core.package_discovery:discover_packages(prefix_path) discover
[0.357s] DEBUG:colcon.colcon_installed_package_information.package_discovery:Found 0 installed packages in /home/beka/ros2_foxy/src/py_srvcli/py_srvcli/install
[0.358s] DEBUG:colcon.colcon_installed_package_information.package_discovery:Found 1 installed packages in /home/beka/ros2_foxy/src/cpp_srvcli/install
[0.361s] DEBUG:colcon.colcon_installed_package_information.package_discovery:Found 270 installed packages in /opt/ros/humble
[0.362s] Level 1:colcon.colcon_core.package_discovery:discover_packages(prefix_path) using defaults
[0.413s] Level 5:colcon.colcon_core.verb:set package 'py_srvcli' build argument 'cmake_args' from command line to 'None'
[0.413s] Level 5:colcon.colcon_core.verb:set package 'py_srvcli' build argument 'cmake_target' from command line to 'None'
[0.413s] Level 5:colcon.colcon_core.verb:set package 'py_srvcli' build argument 'cmake_target_skip_unavailable' from command line to 'False'
[0.413s] Level 5:colcon.colcon_core.verb:set package 'py_srvcli' build argument 'cmake_clean_cache' from command line to 'False'
[0.413s] Level 5:colcon.colcon_core.verb:set package 'py_srvcli' build argument 'cmake_clean_first' from command line to 'False'
[0.413s] Level 5:colcon.colcon_core.verb:set package 'py_srvcli' build argument 'cmake_force_configure' from command line to 'False'
[0.413s] Level 5:colcon.colcon_core.verb:set package 'py_srvcli' build argument 'ament_cmake_args' from command line to 'None'
[0.413s] Level 5:colcon.colcon_core.verb:set package 'py_srvcli' build argument 'catkin_cmake_args' from command line to 'None'
[0.413s] Level 5:colcon.colcon_core.verb:set package 'py_srvcli' build argument 'catkin_skip_building_tests' from command line to 'False'
[0.413s] DEBUG:colcon.colcon_core.verb:Building package 'py_srvcli' with the following arguments: {'ament_cmake_args': None, 'build_base': '/home/beka/ros2_foxy/src/py_srvcli/build/py_srvcli', 'catkin_cmake_args': None, 'catkin_skip_building_tests': False, 'cmake_args': None, 'cmake_clean_cache': False, 'cmake_clean_first': False, 'cmake_force_configure': False, 'cmake_target': None, 'cmake_target_skip_unavailable': False, 'install_base': '/home/beka/ros2_foxy/src/py_srvcli/install/py_srvcli', 'merge_install': False, 'path': '/home/beka/ros2_foxy/src/py_srvcli', 'symlink_install': False, 'test_result_base': None}
[0.414s] INFO:colcon.colcon_core.executor:Executing jobs using 'parallel' executor
[0.420s] DEBUG:colcon.colcon_parallel_executor.executor.parallel:run_until_complete
[0.420s] INFO:colcon.colcon_ros.task.ament_python.build:Building ROS package in '/home/beka/ros2_foxy/src/py_srvcli' with build type 'ament_python'
[0.420s] Level 1:colcon.colcon_core.shell:create_environment_hook('py_srvcli', 'ament_prefix_path')
[0.425s] INFO:colcon.colcon_core.plugin_system:Skipping extension 'colcon_core.shell.bat': Not used on non-Windows systems
[0.426s] INFO:colcon.colcon_core.shell:Creating environment hook '/home/beka/ros2_foxy/src/py_srvcli/install/py_srvcli/share/py_srvcli/hook/ament_prefix_path.ps1'
[0.426s] INFO:colcon.colcon_core.shell:Creating environment descriptor '/home/beka/ros2_foxy/src/py_srvcli/install/py_srvcli/share/py_srvcli/hook/ament_prefix_path.dsv'
[0.426s] INFO:colcon.colcon_core.shell:Creating environment hook '/home/beka/ros2_foxy/src/py_srvcli/install/py_srvcli/share/py_srvcli/hook/ament_prefix_path.sh'
[0.429s] INFO:colcon.colcon_core.shell:Skip shell extension 'powershell' for command environment: Not usable outside of PowerShell
[0.429s] DEBUG:colcon.colcon_core.shell:Skip shell extension 'dsv' for command environment
[0.656s] INFO:colcon.colcon_core.task.python.build:Building Python package in '/home/beka/ros2_foxy/src/py_srvcli'
[0.658s] INFO:colcon.colcon_core.shell:Skip shell extension 'powershell' for command environment: Not usable outside of PowerShell
[0.658s] DEBUG:colcon.colcon_core.shell:Skip shell extension 'dsv' for command environment
[0.953s] DEBUG:colcon.colcon_core.event_handler.log_command:Invoking command in '/home/beka/ros2_foxy/src/py_srvcli': PYTHONPATH=/home/beka/ros2_foxy/src/py_srvcli/install/py_srvcli/lib/python3.10/site-packages:${PYTHONPATH} /usr/bin/python3 setup.py egg_info --egg-base build/py_srvcli build --build-base /home/beka/ros2_foxy/src/py_srvcli/build/py_srvcli/build install --prefix /home/beka/ros2_foxy/src/py_srvcli/install/py_srvcli --record /home/beka/ros2_foxy/src/py_srvcli/build/py_srvcli/install.log --single-version-externally-managed
[1.230s] DEBUG:colcon.colcon_core.event_handler.log_command:Invoked command in '/home/beka/ros2_foxy/src/py_srvcli' returned '0': PYTHONPATH=/home/beka/ros2_foxy/src/py_srvcli/install/py_srvcli/lib/python3.10/site-packages:${PYTHONPATH} /usr/bin/python3 setup.py egg_info --egg-base build/py_srvcli build --build-base /home/beka/ros2_foxy/src/py_srvcli/build/py_srvcli/build install --prefix /home/beka/ros2_foxy/src/py_srvcli/install/py_srvcli --record /home/beka/ros2_foxy/src/py_srvcli/build/py_srvcli/install.log --single-version-externally-managed
[1.235s] Level 1:colcon.colcon_core.environment:checking '/home/beka/ros2_foxy/src/py_srvcli/install/py_srvcli' for CMake module files
[1.236s] Level 1:colcon.colcon_core.environment:checking '/home/beka/ros2_foxy/src/py_srvcli/install/py_srvcli' for CMake config files
[1.236s] Level 1:colcon.colcon_core.environment:checking '/home/beka/ros2_foxy/src/py_srvcli/install/py_srvcli/lib'
[1.236s] Level 1:colcon.colcon_core.environment:checking '/home/beka/ros2_foxy/src/py_srvcli/install/py_srvcli/bin'
[1.236s] Level 1:colcon.colcon_core.environment:checking '/home/beka/ros2_foxy/src/py_srvcli/install/py_srvcli/lib/pkgconfig/py_srvcli.pc'
[1.237s] Level 1:colcon.colcon_core.environment:checking '/home/beka/ros2_foxy/src/py_srvcli/install/py_srvcli/lib/python3.10/site-packages'
[1.237s] Level 1:colcon.colcon_core.shell:create_environment_hook('py_srvcli', 'pythonpath')
[1.239s] INFO:colcon.colcon_core.shell:Creating environment hook '/home/beka/ros2_foxy/src/py_srvcli/install/py_srvcli/share/py_srvcli/hook/pythonpath.ps1'
[1.239s] INFO:colcon.colcon_core.shell:Creating environment descriptor '/home/beka/ros2_foxy/src/py_srvcli/install/py_srvcli/share/py_srvcli/hook/pythonpath.dsv'
[1.239s] INFO:colcon.colcon_core.shell:Creating environment hook '/home/beka/ros2_foxy/src/py_srvcli/install/py_srvcli/share/py_srvcli/hook/pythonpath.sh'
[1.240s] Level 1:colcon.colcon_core.environment:checking '/home/beka/ros2_foxy/src/py_srvcli/install/py_srvcli/bin'
[1.240s] Level 1:colcon.colcon_core.environment:create_environment_scripts_only(py_srvcli)
[1.242s] INFO:colcon.colcon_core.shell:Creating package script '/home/beka/ros2_foxy/src/py_srvcli/install/py_srvcli/share/py_srvcli/package.ps1'
[1.242s] INFO:colcon.colcon_core.shell:Creating package descriptor '/home/beka/ros2_foxy/src/py_srvcli/install/py_srvcli/share/py_srvcli/package.dsv'
[1.243s] INFO:colcon.colcon_core.shell:Creating package script '/home/beka/ros2_foxy/src/py_srvcli/install/py_srvcli/share/py_srvcli/package.sh'
[1.243s] INFO:colcon.colcon_core.shell:Creating package script '/home/beka/ros2_foxy/src/py_srvcli/install/py_srvcli/share/py_srvcli/package.bash'
[1.244s] INFO:colcon.colcon_core.shell:Creating package script '/home/beka/ros2_foxy/src/py_srvcli/install/py_srvcli/share/py_srvcli/package.zsh'
[1.245s] Level 1:colcon.colcon_core.environment:create_file_with_runtime_dependencies(/home/beka/ros2_foxy/src/py_srvcli/install/py_srvcli/share/colcon-core/packages/py_srvcli)
[1.245s] DEBUG:colcon.colcon_parallel_executor.executor.parallel:closing loop
[1.245s] DEBUG:colcon.colcon_parallel_executor.executor.parallel:loop closed
[1.245s] DEBUG:colcon.colcon_parallel_executor.executor.parallel:run_until_complete finished with '0'
[1.245s] DEBUG:colcon.colcon_core.event_reactor:joining thread
[1.252s] INFO:colcon.colcon_core.plugin_system:Skipping extension 'colcon_notification.desktop_notification.terminal_notifier': Not used on non-Darwin systems
[1.252s] INFO:colcon.colcon_core.plugin_system:Skipping extension 'colcon_notification.desktop_notification.win32': Not used on non-Windows systems
[1.252s] INFO:colcon.colcon_notification.desktop_notification:Sending desktop notification using 'notify2'
[1.266s] DEBUG:colcon.colcon_core.event_reactor:joined thread
[1.270s] INFO:colcon.colcon_core.shell:Creating prefix script '/home/beka/ros2_foxy/src/py_srvcli/install/local_setup.ps1'
[1.271s] INFO:colcon.colcon_core.shell:Creating prefix util module '/home/beka/ros2_foxy/src/py_srvcli/install/_local_setup_util_ps1.py'
[1.272s] INFO:colcon.colcon_core.shell:Creating prefix chain script '/home/beka/ros2_foxy/src/py_srvcli/install/setup.ps1'
[1.274s] INFO:colcon.colcon_core.shell:Creating prefix script '/home/beka/ros2_foxy/src/py_srvcli/install/local_setup.sh'
[1.275s] INFO:colcon.colcon_core.shell:Creating prefix util module '/home/beka/ros2_foxy/src/py_srvcli/install/_local_setup_util_sh.py'
[1.275s] INFO:colcon.colcon_core.shell:Creating prefix chain script '/home/beka/ros2_foxy/src/py_srvcli/install/setup.sh'
[1.277s] INFO:colcon.colcon_core.shell:Creating prefix script '/home/beka/ros2_foxy/src/py_srvcli/install/local_setup.bash'
[1.278s] INFO:colcon.colcon_core.shell:Creating prefix chain script '/home/beka/ros2_foxy/src/py_srvcli/install/setup.bash'
[1.280s] INFO:colcon.colcon_core.shell:Creating prefix script '/home/beka/ros2_foxy/src/py_srvcli/install/local_setup.zsh'
[1.280s] INFO:colcon.colcon_core.shell:Creating prefix chain script '/home/beka/ros2_foxy/src/py_srvcli/install/setup.zsh'
